<?xml version="1.0" encoding="utf-8"?><testsuites name="pytest tests"><testsuite name="pytest" errors="0" failures="0" skipped="0" tests="11" time="4.560" timestamp="2026-04-22T00:37:29.317486+00:00" hostname="agent-env-2aba44e5-5b80-406a-b397-4d0c703b844c"><testcase classname="backend.tests.test_iteration2.TestDepositProof" name="test_deposit_without_proof_rejected_422" time="0.758" /><testcase classname="backend.tests.test_iteration2.TestDepositProof" name="test_deposit_with_proof_ok_and_stored" time="0.740" /><testcase classname="backend.tests.test_iteration2.TestDepositProof" name="test_deposit_empty_proof_rejected" time="0.126" /><testcase classname="backend.tests.test_iteration2.TestWithdrawalRules" name="test_01_rules_first_time" time="0.958" /><testcase classname="backend.tests.test_iteration2.TestWithdrawalRules" name="test_02_first_withdraw_below_10_rejected" time="0.213" /><testcase classname="backend.tests.test_iteration2.TestWithdrawalRules" name="test_03_first_withdraw_10_ok_no_tax" time="0.601" /><testcase classname="backend.tests.test_iteration2.TestWithdrawalRules" name="test_04_rules_after_first_approved" time="0.149" /><testcase classname="backend.tests.test_iteration2.TestWithdrawalRules" name="test_05_second_withdraw_below_30_rejected" time="0.205" /><testcase classname="backend.tests.test_iteration2.TestWithdrawalRules" name="test_06_second_withdraw_50_taxed" time="0.328" /><testcase classname="backend.tests.test_iteration2.TestWithdrawalRules" name="test_07_reject_second_refunds_gross_50" time="0.268" /><testcase classname="backend.tests.test_iteration2.TestWithdrawalRules" name="test_08_admin_withdrawals_exposes_tax_fields" time="0.122" /></testsuite></testsuites>