<?xml version="1.0" encoding="utf-8"?><testsuites name="pytest tests"><testsuite name="pytest" errors="0" failures="0" skipped="0" tests="20" time="10.433" timestamp="2026-04-22T00:17:00.748714+00:00" hostname="agent-env-2aba44e5-5b80-406a-b397-4d0c703b844c"><testcase classname="backend.tests.backend_test.TestHealth" name="test_root" time="0.336" /><testcase classname="backend.tests.backend_test.TestAuth" name="test_login_admin" time="0.418" /><testcase classname="backend.tests.backend_test.TestAuth" name="test_me_admin" time="0.122" /><testcase classname="backend.tests.backend_test.TestAuth" name="test_login_wrong_password" time="0.360" /><testcase classname="backend.tests.backend_test.TestAuth" name="test_register_duplicate" time="0.492" /><testcase classname="backend.tests.backend_test.TestAuth" name="test_me_no_token" time="0.235" /><testcase classname="backend.tests.backend_test.TestLotes" name="test_list_lotes_has_seed" time="0.183" /><testcase classname="backend.tests.backend_test.TestLotes" name="test_lotes_requires_auth" time="0.140" /><testcase classname="backend.tests.backend_test.TestPix" name="test_get_pix_payload" time="0.139" /><testcase classname="backend.tests.backend_test.TestAdminGuards" name="test_admin_deposits_forbidden_for_user" time="0.124" /><testcase classname="backend.tests.backend_test.TestAdminGuards" name="test_admin_lotes_forbidden_for_user" time="0.208" /><testcase classname="backend.tests.backend_test.TestAdminGuards" name="test_admin_users_ok" time="0.188" /><testcase classname="backend.tests.backend_test.TestFullFlow" name="test_01_create_deposit_and_approve" time="0.745" /><testcase classname="backend.tests.backend_test.TestFullFlow" name="test_02_buy_lote_insufficient" time="0.654" /><testcase classname="backend.tests.backend_test.TestFullFlow" name="test_03_buy_lote_pc" time="0.641" /><testcase classname="backend.tests.backend_test.TestFullFlow" name="test_04_yield_accrues_and_collect" time="3.161" /><testcase classname="backend.tests.backend_test.TestFullFlow" name="test_05_withdraw_reserve_and_reject_refunds" time="0.729" /><testcase classname="backend.tests.backend_test.TestFullFlow" name="test_06_withdraw_approve" time="0.555" /><testcase classname="backend.tests.backend_test.TestAdminLoteCRUD" name="test_crud_cycle" time="0.507" /><testcase classname="backend.tests.backend_test.TestAdminPix" name="test_update_pix" time="0.405" /></testsuite></testsuites>