<?xml version="1.0" encoding="utf-8"?><testsuites name="pytest tests"><testsuite name="pytest" errors="0" failures="0" skipped="0" tests="31" time="23.746" timestamp="2026-04-22T00:38:20.026736+00:00" hostname="agent-env-2aba44e5-5b80-406a-b397-4d0c703b844c"><testcase classname="backend.tests.backend_test.TestHealth" name="test_root" time="0.146" /><testcase classname="backend.tests.backend_test.TestAuth" name="test_login_admin" time="0.375" /><testcase classname="backend.tests.backend_test.TestAuth" name="test_me_admin" time="0.130" /><testcase classname="backend.tests.backend_test.TestAuth" name="test_login_wrong_password" time="0.357" /><testcase classname="backend.tests.backend_test.TestAuth" name="test_register_duplicate" time="0.474" /><testcase classname="backend.tests.backend_test.TestAuth" name="test_me_no_token" time="0.134" /><testcase classname="backend.tests.backend_test.TestLotes" name="test_list_lotes_has_seed" time="0.140" /><testcase classname="backend.tests.backend_test.TestLotes" name="test_lotes_requires_auth" time="0.114" /><testcase classname="backend.tests.backend_test.TestPix" name="test_get_pix_payload" time="0.135" /><testcase classname="backend.tests.backend_test.TestAdminGuards" name="test_admin_deposits_forbidden_for_user" time="0.140" /><testcase classname="backend.tests.backend_test.TestAdminGuards" name="test_admin_lotes_forbidden_for_user" time="0.124" /><testcase classname="backend.tests.backend_test.TestAdminGuards" name="test_admin_users_ok" time="0.148" /><testcase classname="backend.tests.backend_test.TestFullFlow" name="test_01_create_deposit_and_approve" time="0.652" /><testcase classname="backend.tests.backend_test.TestFullFlow" name="test_02_buy_lote_insufficient" time="0.701" /><testcase classname="backend.tests.backend_test.TestFullFlow" name="test_03_buy_lote_pc" time="0.830" /><testcase classname="backend.tests.backend_test.TestFullFlow" name="test_04_yield_accrues_and_collect" time="13.156" /><testcase classname="backend.tests.backend_test.TestFullFlow" name="test_05_withdraw_reserve_and_reject_refunds" time="0.708" /><testcase classname="backend.tests.backend_test.TestFullFlow" name="test_06_withdraw_approve" time="0.541" /><testcase classname="backend.tests.backend_test.TestAdminLoteCRUD" name="test_crud_cycle" time="0.531" /><testcase classname="backend.tests.backend_test.TestAdminPix" name="test_update_pix" time="0.384" /><testcase classname="backend.tests.test_iteration2.TestDepositProof" name="test_deposit_without_proof_rejected_422" time="0.451" /><testcase classname="backend.tests.test_iteration2.TestDepositProof" name="test_deposit_with_proof_ok_and_stored" time="0.584" /><testcase classname="backend.tests.test_iteration2.TestDepositProof" name="test_deposit_empty_proof_rejected" time="0.132" /><testcase classname="backend.tests.test_iteration2.TestWithdrawalRules" name="test_01_rules_first_time" time="0.837" /><testcase classname="backend.tests.test_iteration2.TestWithdrawalRules" name="test_02_first_withdraw_below_10_rejected" time="0.121" /><testcase classname="backend.tests.test_iteration2.TestWithdrawalRules" name="test_03_first_withdraw_10_ok_no_tax" time="0.498" /><testcase classname="backend.tests.test_iteration2.TestWithdrawalRules" name="test_04_rules_after_first_approved" time="0.144" /><testcase classname="backend.tests.test_iteration2.TestWithdrawalRules" name="test_05_second_withdraw_below_30_rejected" time="0.118" /><testcase classname="backend.tests.test_iteration2.TestWithdrawalRules" name="test_06_second_withdraw_50_taxed" time="0.401" /><testcase classname="backend.tests.test_iteration2.TestWithdrawalRules" name="test_07_reject_second_refunds_gross_50" time="0.266" /><testcase classname="backend.tests.test_iteration2.TestWithdrawalRules" name="test_08_admin_withdrawals_exposes_tax_fields" time="0.173" /></testsuite></testsuites>